<?xml version="1.0" encoding="UTF-8"?>
<!-- Generated by org.testng.reporters.JUnitReportReporter -->
<testsuite hostname="LMC-LT-103" failures="0" tests="2" name="com.api.pac1.ExcelDataMapper" time="0.483" errors="0" timestamp="2023-10-03T11:00:05 IST" skipped="0">
  <testcase classname="com.api.pac1.ExcelDataMapper" name="run" time="0.225"/>
  <system-out/>
  <testcase classname="com.api.pac1.ExcelDataMapper" name="run" time="0.258"/>
  <system-out/>
</testsuite> <!-- com.api.pac1.ExcelDataMapper -->
