<?xml version="1.0" encoding="UTF-8"?>
<!-- Generated by org.testng.reporters.JUnitReportReporter -->
<testsuite hostname="LMC-LT-103" failures="0" tests="3" name="com.api.requests.Book2" time="5.461" errors="0" timestamp="2024-04-29T12:21:24 IST" skipped="0">
  <testcase classname="com.api.requests.Book2" name="test" time="1.477"/>
  <testcase classname="com.api.requests.Book2" name="test" time="1.684"/>
  <testcase classname="com.api.requests.Book2" name="test" time="2.300"/>
</testsuite> <!-- com.api.requests.Book2 -->
