<?xml version="1.0" encoding="UTF-8"?>
<!-- Generated by org.testng.reporters.JUnitReportReporter -->
<testsuite hostname="LMC-LT-103" failures="0" tests="2" name="com.apis.request.Book" time="0.467" errors="0" timestamp="2023-10-03T11:41:14 IST" skipped="0">
  <testcase classname="com.apis.request.Book" name="request1" time="0.199"/>
  <system-out/>
  <testcase classname="com.apis.request.Book" name="request1" time="0.268"/>
  <system-out/>
</testsuite> <!-- com.apis.request.Book -->
