<?xml version="1.0" encoding="UTF-8"?>
<!-- Generated by org.testng.reporters.JUnitReportReporter -->
<testsuite hostname="LMC-LT-103" failures="0" tests="1" name="com.apis.request.book.Book" time="0.521" errors="0" timestamp="2023-10-12T14:20:25 IST" skipped="0">
  <testcase classname="com.apis.request.book.Book" name="request1" time="0.521"/>
</testsuite> <!-- com.apis.request.book.Book -->
