<?xml version="1.0" encoding="UTF-8"?>
<!-- Generated by org.testng.reporters.JUnitReportReporter -->
<testsuite hostname="LMC-LT-103" failures="0" tests="1" name="com.api.request.book.Book2" time="2.208" errors="0" timestamp="2024-03-08T17:58:25 IST" skipped="0">
  <testcase classname="com.api.request.book.Book2" name="test" time="2.208"/>
</testsuite> <!-- com.api.request.book.Book2 -->
