<?xml version="1.0" encoding="UTF-8"?>
<!-- Generated by org.testng.reporters.JUnitReportReporter -->
<testsuite hostname="LMC-LT-103" failures="0" tests="1" name="com.test.pac.ExcelDataMapper1" time="0.824" errors="0" timestamp="2023-10-01T13:07:12 IST" skipped="0">
  <testcase classname="com.test.pac.ExcelDataMapper1" name="request1" time="0.824"/>
  <system-out/>
</testsuite> <!-- com.test.pac.ExcelDataMapper1 -->
