<?xml version="1.0" encoding="UTF-8"?>
<!-- Generated by org.testng.reporters.JUnitReportReporter -->
<testsuite hostname="LMC-LT-103" failures="0" tests="1" name="com.api.requests.Pen" time="2.563" errors="0" timestamp="2024-06-03T15:42:27 IST" skipped="0">
  <testcase classname="com.api.requests.Pen" name="test" time="2.563"/>
</testsuite> <!-- com.api.requests.Pen -->
