<?xml version="1.0" encoding="UTF-8"?>
<!-- Generated by org.testng.reporters.JUnitReportReporter -->
<testsuite hostname="LMC-LT-103" failures="0" tests="3" name="com.api.requests.Book" time="5.195" errors="0" timestamp="2024-06-03T12:53:40 IST" skipped="0">
  <testcase classname="com.api.requests.Book" name="test" time="2.150"/>
  <testcase classname="com.api.requests.Book" name="test" time="1.189"/>
  <testcase classname="com.api.requests.Book" name="test" time="1.856"/>
</testsuite> <!-- com.api.requests.Book -->
